<?xml version="1.0" encoding="UTF-8"?>
<testng-results ignored="1" total="2" passed="1" failed="0" skipped="0">
  <reporter-output>
  </reporter-output>
  <suite started-at="2019-06-02T11:55:04Z" name="Suite" finished-at="2019-06-02T11:55:04Z" duration-ms="61">
    <groups>
    </groups>
    <test started-at="2019-06-02T11:55:04Z" name="Test" finished-at="2019-06-02T11:55:04Z" duration-ms="61">
      <class name="mvnGroupID1.testTest">
        <test-method signature="testcase2()[pri:0, instance:mvnGroupID1.testTest@1176dcec]" started-at="2019-06-02T11:55:04Z" name="testcase2" finished-at="2019-06-02T11:55:04Z" duration-ms="11" status="PASS">
          <reporter-output>
          </reporter-output>
        </test-method> <!-- testcase2 -->
      </class> <!-- mvnGroupID1.testTest -->
    </test> <!-- Test -->
  </suite> <!-- Suite -->
</testng-results>
