<?xml version="1.0" encoding="UTF-8"?>
<testng-results ignored="0" total="2" passed="2" failed="0" skipped="0">
  <reporter-output>
  </reporter-output>
  <suite started-at="2019-06-02T07:59:21Z" name="Suite" finished-at="2019-06-02T07:59:21Z" duration-ms="39">
    <groups>
    </groups>
    <test started-at="2019-06-02T07:59:21Z" name="Test" finished-at="2019-06-02T07:59:21Z" duration-ms="39">
      <class name="mvnGroupID1.testTest">
        <test-method signature="testcase1()[pri:0, instance:mvnGroupID1.testTest@3d299e3]" started-at="2019-06-02T07:59:21Z" name="testcase1" finished-at="2019-06-02T07:59:21Z" duration-ms="10" status="PASS">
          <reporter-output>
          </reporter-output>
        </test-method> <!-- testcase1 -->
        <test-method signature="testcase2()[pri:0, instance:mvnGroupID1.testTest@3d299e3]" started-at="2019-06-02T07:59:21Z" name="testcase2" finished-at="2019-06-02T07:59:21Z" duration-ms="2" status="PASS">
          <reporter-output>
          </reporter-output>
        </test-method> <!-- testcase2 -->
      </class> <!-- mvnGroupID1.testTest -->
    </test> <!-- Test -->
  </suite> <!-- Suite -->
</testng-results>
